Using pre-set license
Built from '2020.3/staging' branch; Version is '2020.3.25f1 (9b9180224418) revision 10195328'; Using compiler version '192528614'; Build Type 'Release'
OS: 'Windows 10  (10.0.19044) 64bit Professional' Language: 'ko' Physical Memory: 16233 MB
BatchMode: 1, IsHumanControllingUs: 0, StartBugReporterOnCrash: 0, Is64bit: 1, IsPro: 0

COMMAND LINE ARGUMENTS:
C:\Program Files\Unity 2020.3.25f1\Editor\Unity.exe
-adb2
-batchMode
-noUpm
-name
AssetImportWorker0
-projectPath
C:/Users/USER/Downloads/engineProject/engineProject
-logFile
Logs/AssetImportWorker0.log
-srvPort
57744
Successfully changed project path to: C:/Users/USER/Downloads/engineProject/engineProject
C:/Users/USER/Downloads/engineProject/engineProject
Using Asset Import Pipeline V2.
Refreshing native plugins compatible for Editor in 38.58 ms, found 2 plugins.
Preloading 0 native plugins for Editor in 0.00 ms.
Initialize engine version: 2020.3.25f1 (9b9180224418)
[Subsystems] Discovering subsystems at path C:/Program Files/Unity 2020.3.25f1/Editor/Data/Resources/UnitySubsystems
[Subsystems] Discovering subsystems at path C:/Users/USER/Downloads/engineProject/engineProject/Assets
GfxDevice: creating device client; threaded=0
Direct3D:
    Version:  Direct3D 11.0 [level 11.1]
    Renderer: NVIDIA GeForce RTX 2060 (ID=0x1f11)
    Vendor:   
    VRAM:     5980 MB
    Driver:   27.21.14.5763
Initialize mono
Mono path[0] = 'C:/Program Files/Unity 2020.3.25f1/Editor/Data/Managed'
Mono path[1] = 'C:/Program Files/Unity 2020.3.25f1/Editor/Data/MonoBleedingEdge/lib/mono/unityjit'
Mono config path = 'C:/Program Files/Unity 2020.3.25f1/Editor/Data/MonoBleedingEdge/etc'
Using monoOptions --debugger-agent=transport=dt_socket,embedding=1,server=y,suspend=n,address=127.0.0.1:56296
Begin MonoManager ReloadAssembly
Registering precompiled unity dll's ...
Register platform support module: C:/Program Files/Unity 2020.3.25f1/Editor/Data/PlaybackEngines/WindowsStandaloneSupport/UnityEditor.WindowsStandalone.Extensions.dll
Registered in 0.001849 seconds.
Native extension for WindowsStandalone target not found
Refreshing native plugins compatible for Editor in 39.06 ms, found 2 plugins.
Preloading 0 native plugins for Editor in 0.00 ms.
Mono: successfully reloaded assembly
- Completed reload, in  0.570 seconds
Domain Reload Profiling:
	ReloadAssembly (570ms)
		BeginReloadAssembly (54ms)
			ExecutionOrderSort (0ms)
			DisableScriptedObjects (0ms)
			BackupInstance (0ms)
			ReleaseScriptingObjects (0ms)
			CreateAndSetChildDomain (1ms)
		EndReloadAssembly (447ms)
			LoadAssemblies (52ms)
			RebuildTransferFunctionScriptingTraits (0ms)
			SetupTypeCache (146ms)
			ReleaseScriptCaches (0ms)
			RebuildScriptCaches (30ms)
			SetupLoadedEditorAssemblies (173ms)
				LogAssemblyErrors (0ms)
				InitializePlatformSupportModulesInManaged (4ms)
				SetLoadedEditorAssemblies (0ms)
				RefreshPlugins (39ms)
				BeforeProcessingInitializeOnLoad (14ms)
				ProcessInitializeOnLoadAttributes (85ms)
				ProcessInitializeOnLoadMethodAttributes (31ms)
				AfterProcessingInitializeOnLoad (0ms)
				EditorAssembliesLoaded (0ms)
			ExecutionOrderSort2 (0ms)
			AwakeInstancesAfterBackupRestoration (0ms)
Platform modules already initialized, skipping
Registering precompiled user dll's ...
Registered in 0.004488 seconds.
Begin MonoManager ReloadAssembly
Native extension for WindowsStandalone target not found
Refreshing native plugins compatible for Editor in 0.42 ms, found 2 plugins.
Preloading 0 native plugins for Editor in 0.00 ms.
Mono: successfully reloaded assembly
- Completed reload, in  0.957 seconds
Domain Reload Profiling:
	ReloadAssembly (958ms)
		BeginReloadAssembly (135ms)
			ExecutionOrderSort (0ms)
			DisableScriptedObjects (4ms)
			BackupInstance (0ms)
			ReleaseScriptingObjects (0ms)
			CreateAndSetChildDomain (18ms)
		EndReloadAssembly (765ms)
			LoadAssemblies (82ms)
			RebuildTransferFunctionScriptingTraits (0ms)
			SetupTypeCache (268ms)
			ReleaseScriptCaches (0ms)
			RebuildScriptCaches (40ms)
			SetupLoadedEditorAssemblies (291ms)
				LogAssemblyErrors (0ms)
				InitializePlatformSupportModulesInManaged (4ms)
				SetLoadedEditorAssemblies (0ms)
				RefreshPlugins (0ms)
				BeforeProcessingInitializeOnLoad (81ms)
				ProcessInitializeOnLoadAttributes (191ms)
				ProcessInitializeOnLoadMethodAttributes (8ms)
				AfterProcessingInitializeOnLoad (6ms)
				EditorAssembliesLoaded (0ms)
			ExecutionOrderSort2 (0ms)
			AwakeInstancesAfterBackupRestoration (6ms)
Platform modules already initialized, skipping
========================================================================
Worker process is ready to serve import requests
Launched and connected shader compiler UnityShaderCompiler.exe after 0.04 seconds
Refreshing native plugins compatible for Editor in 0.46 ms, found 2 plugins.
Preloading 0 native plugins for Editor in 0.00 ms.
Unloading 1526 Unused Serialized files (Serialized files now loaded: 0)
System memory in use before: 69.6 MB.
System memory in use after: 69.7 MB.

Unloading 19 unused Assets to reduce memory usage. Loaded Objects now: 1960.
Total: 2.981100 ms (FindLiveObjects: 0.142500 ms CreateObjectMapping: 0.042700 ms MarkObjects: 2.731300 ms  DeleteObjects: 0.063600 ms)

AssetImportParameters requested are different than current active one (requested -> active):
  custom:framework-win-MediaFoundation: 216162199b28c13a410421893ffa2e32 -> 
  custom:video-decoder-ogg-theora: a1e56fd34408186e4bbccfd4996cb3dc -> 
  custom:container-muxer-webm: aa71ff27fc2769a1b78a27578f13a17b -> 
  custom:container-demuxer-webm: 4f35f7cbe854078d1ac9338744f61a02 -> 
  custom:container-demuxer-ogg: 62fdf1f143b41e24485cea50d1cbac27 -> 
  custom:video-encoder-webm-vp8: eb34c28f22e8b96e1ab97ce403110664 -> 
  custom:video-decoder-webm-vp8: 9c59270c3fd7afecdb556c50c9e8de78 -> 
  custom:audio-decoder-ogg-vorbis: bf7c407c2cedff20999df2af8eb42d56 -> 
  custom:audio-encoder-webm-vorbis: bf7c407c2cedff20999df2af8eb42d56 -> 
========================================================================
Received Import Request.
  path: Assets/Animation
  artifactKey: Guid(d3c2d11af2d08fe43badcdc63cb625c5) Importer(815301076,1909f56bfc062723c751e8b465ee728b)
Start importing Assets/Animation using Guid(d3c2d11af2d08fe43badcdc63cb625c5) Importer(815301076,1909f56bfc062723c751e8b465ee728b)  -> (artifact id: '532fb8acc313f995b0d88a8e42aace79') in 0.008557 seconds 
  Import took 0.011404 seconds .

========================================================================
Received Import Request.
  Time since last request: 0.000311 seconds.
  path: Assets/DualCorStudios
  artifactKey: Guid(807290ce377c9744992f48d538e4c121) Importer(815301076,1909f56bfc062723c751e8b465ee728b)
Start importing Assets/DualCorStudios using Guid(807290ce377c9744992f48d538e4c121) Importer(815301076,1909f56bfc062723c751e8b465ee728b)  -> (artifact id: '2e88bad824f4ff22f21a6c0dcf1ab86f') in 0.005330 seconds 
  Import took 0.007520 seconds .

========================================================================
Received Import Request.
  Time since last request: 0.000266 seconds.
  path: Assets/Gothicvania Cemetery Artwork
  artifactKey: Guid(9b551f54a1d9a50488587d2ae1ba752f) Importer(815301076,1909f56bfc062723c751e8b465ee728b)
Start importing Assets/Gothicvania Cemetery Artwork using Guid(9b551f54a1d9a50488587d2ae1ba752f) Importer(815301076,1909f56bfc062723c751e8b465ee728b)  -> (artifact id: 'bde82a251a900df9a9f18663db1e0557') in 0.006386 seconds 
  Import took 0.009687 seconds .

========================================================================
Received Import Request.
  Time since last request: 0.889936 seconds.
  path: Assets/Prefab/enemy
  artifactKey: Guid(d3a8cd253c775ab49ad7eb57d80efd08) Importer(815301076,1909f56bfc062723c751e8b465ee728b)
Start importing Assets/Prefab/enemy using Guid(d3a8cd253c775ab49ad7eb57d80efd08) Importer(815301076,1909f56bfc062723c751e8b465ee728b)  -> (artifact id: '4713bd63218f4dd7e7bf7c21f91d2f3d') in 0.007498 seconds 
  Import took 0.010401 seconds .

========================================================================
Received Import Request.
  Time since last request: 0.060733 seconds.
  path: Assets/Prefab/enemy/Boss 2.prefab
  artifactKey: Guid(9d9ab805a369c11449ca41a332fc8786) Importer(815301076,1909f56bfc062723c751e8b465ee728b)
Start importing Assets/Prefab/enemy/Boss 2.prefab using Guid(9d9ab805a369c11449ca41a332fc8786) Importer(815301076,1909f56bfc062723c751e8b465ee728b)  -> (artifact id: '1ecfa398e86c8ed8169a9a3dea2b1617') in 0.124040 seconds 
  Import took 0.127079 seconds .

========================================================================
Received Import Request.
  Time since last request: 0.000251 seconds.
  path: Assets/Prefab/enemy/Pool.prefab
  artifactKey: Guid(4b42f08a0765b364f89199c36f83320b) Importer(815301076,1909f56bfc062723c751e8b465ee728b)
Start importing Assets/Prefab/enemy/Pool.prefab using Guid(4b42f08a0765b364f89199c36f83320b) Importer(815301076,1909f56bfc062723c751e8b465ee728b)  -> (artifact id: '0e3278eaf8acab1d963b9a484ab98e39') in 0.009853 seconds 
  Import took 0.012372 seconds .

========================================================================
Received Import Request.
  Time since last request: 0.000230 seconds.
  path: Assets/Prefab/enemy/BossFire.prefab
  artifactKey: Guid(30bbbf8395895ed48b46130ea09636a3) Importer(815301076,1909f56bfc062723c751e8b465ee728b)
Start importing Assets/Prefab/enemy/BossFire.prefab using Guid(30bbbf8395895ed48b46130ea09636a3) Importer(815301076,1909f56bfc062723c751e8b465ee728b)  -> (artifact id: '8948014c394932cadfb754ef13506fbd') in 0.015323 seconds 
  Import took 0.017979 seconds .

========================================================================
Received Import Request.
  Time since last request: 0.000233 seconds.
  path: Assets/Prefab/enemy/ghost-1.prefab
  artifactKey: Guid(01750076c3be9004d8a630c6aa495804) Importer(815301076,1909f56bfc062723c751e8b465ee728b)
Start importing Assets/Prefab/enemy/ghost-1.prefab using Guid(01750076c3be9004d8a630c6aa495804) Importer(815301076,1909f56bfc062723c751e8b465ee728b)  -> (artifact id: '5258fdfe0ea5b73a0711890c0940727f') in 0.016498 seconds 
  Import took 0.019540 seconds .

========================================================================
Received Import Request.
  Time since last request: 0.000229 seconds.
  path: Assets/Prefab/enemy/hell-gato-1.prefab
  artifactKey: Guid(cea0b5a9e99dbbb4388904cccd503a2e) Importer(815301076,1909f56bfc062723c751e8b465ee728b)
Start importing Assets/Prefab/enemy/hell-gato-1.prefab using Guid(cea0b5a9e99dbbb4388904cccd503a2e) Importer(815301076,1909f56bfc062723c751e8b465ee728b)  -> (artifact id: 'f5a69ca7359b19c5465f7429a066efb0') in 0.023978 seconds 
  Import took 0.027010 seconds .

========================================================================
Received Import Request.
  Time since last request: 0.000255 seconds.
  path: Assets/Prefab/enemy/enemy-death-1.prefab
  artifactKey: Guid(5d7241ac292d71747869231d10d5e25a) Importer(815301076,1909f56bfc062723c751e8b465ee728b)
Start importing Assets/Prefab/enemy/enemy-death-1.prefab using Guid(5d7241ac292d71747869231d10d5e25a) Importer(815301076,1909f56bfc062723c751e8b465ee728b)  -> (artifact id: '30ca99730cf9cf7a4abefd543744b5b5') in 0.014603 seconds 
  Import took 0.017230 seconds .

========================================================================
Received Import Request.
  Time since last request: 0.000263 seconds.
  path: Assets/Prefab/enemy/BossAttack.prefab
  artifactKey: Guid(208672b10f74c5d4d9308b7c0111f47b) Importer(815301076,1909f56bfc062723c751e8b465ee728b)
Start importing Assets/Prefab/enemy/BossAttack.prefab using Guid(208672b10f74c5d4d9308b7c0111f47b) Importer(815301076,1909f56bfc062723c751e8b465ee728b)  -> (artifact id: '9f4c9bb3fd3b60cdbc0797f64917a0ad') in 0.015890 seconds 
  Import took 0.018669 seconds .

========================================================================
Received Import Request.
  Time since last request: 0.000301 seconds.
  path: Assets/Prefab/enemy/skeleton-1.prefab
  artifactKey: Guid(4f4abe72d9e1ef244bd672edb4e5d060) Importer(815301076,1909f56bfc062723c751e8b465ee728b)
Start importing Assets/Prefab/enemy/skeleton-1.prefab using Guid(4f4abe72d9e1ef244bd672edb4e5d060) Importer(815301076,1909f56bfc062723c751e8b465ee728b)  -> (artifact id: 'd38999a2d88b1f371ec68bd1888ed83a') in 0.021163 seconds 
  Import took 0.023898 seconds .

========================================================================
Received Import Request.
  Time since last request: 0.000240 seconds.
  path: Assets/Prefab/enemy/Boss-hell-gato-1 2.prefab
  artifactKey: Guid(0f73363d04c7a9242991fb993f9daa7c) Importer(815301076,1909f56bfc062723c751e8b465ee728b)
Start importing Assets/Prefab/enemy/Boss-hell-gato-1 2.prefab using Guid(0f73363d04c7a9242991fb993f9daa7c) Importer(815301076,1909f56bfc062723c751e8b465ee728b)  -> (artifact id: 'ef337b04904838ede9c3ccb899943295') in 0.022883 seconds 
  Import took 0.026029 seconds .

========================================================================
Received Import Request.
  Time since last request: 0.000197 seconds.
  path: Assets/Prefab/enemy/Boss.prefab
  artifactKey: Guid(045b0d36da2798f45970e0d801491940) Importer(815301076,1909f56bfc062723c751e8b465ee728b)
Start importing Assets/Prefab/enemy/Boss.prefab using Guid(045b0d36da2798f45970e0d801491940) Importer(815301076,1909f56bfc062723c751e8b465ee728b)  -> (artifact id: '99f40be79c520da836325895b61552b7') in 0.023963 seconds 
  Import took 0.026891 seconds .

========================================================================
Received Import Request.
  Time since last request: 0.000235 seconds.
  path: Assets/Prefab/enemy/skeleton2.prefab
  artifactKey: Guid(b2920a2751c6a144b8f170fc54c49941) Importer(815301076,1909f56bfc062723c751e8b465ee728b)
Start importing Assets/Prefab/enemy/skeleton2.prefab using Guid(b2920a2751c6a144b8f170fc54c49941) Importer(815301076,1909f56bfc062723c751e8b465ee728b)  -> (artifact id: '53745ebe276aa6f1320adec8aa046e92') in 0.015466 seconds 
  Import took 0.018335 seconds .

